This is pdfTeX, Version 3.141592653-2.6-1.40.22 (TeX Live 2021/W32TeX) (preloaded format=pdflatex 2021.8.29)  1 AUG 2022 15:08
entering extended mode
 restricted \write18 enabled.
 file:line:error style messages enabled.
 %&-line parsing enabled.
**"d:/LaTeX test/AAAI_privacy preserving deep learning/2PC-NNP/2PC-NNP"
(d:/LaTeX test/AAAI_privacy preserving deep learning/2PC-NNP/2PC-NNP.tex
LaTeX2e <2020-10-01> patch level 4
L3 programming layer <2021-02-18> (d:/texlive/2021/texmf-dist/tex/latex/base/article.cls
Document Class: article 2020/04/10 v1.4m Standard LaTeX document class
(d:/texlive/2021/texmf-dist/tex/latex/base/size10.clo
File: size10.clo 2020/04/10 v1.4m Standard LaTeX file (size option)
)
\c@part=\count179
\c@section=\count180
\c@subsection=\count181
\c@subsubsection=\count182
\c@paragraph=\count183
\c@subparagraph=\count184
\c@figure=\count185
\c@table=\count186
\abovecaptionskip=\skip47
\belowcaptionskip=\skip48
\bibindent=\dimen138
) (./aaai22.sty
Conference Style for AAAI for LaTeX 2e -- version for the AAAI-22 conference
\titlebox=\skip49
) (d:/texlive/2021/texmf-dist/tex/latex/psnfss/times.sty
Package: times 2020/03/25 PSNFSS-v9.3 (SPQR) 
) (d:/texlive/2021/texmf-dist/tex/latex/psnfss/helvet.sty
Package: helvet 2020/03/25 PSNFSS-v9.3 (WaS) 
 (d:/texlive/2021/texmf-dist/tex/latex/graphics/keyval.sty
Package: keyval 2014/10/28 v1.15 key=value parser (DPC)
\KV@toks@=\toks15
)) (d:/texlive/2021/texmf-dist/tex/latex/psnfss/courier.sty
Package: courier 2020/03/25 PSNFSS-v9.3 (WaS) 
) (d:/texlive/2021/texmf-dist/tex/latex/url/url.sty
\Urlmuskip=\muskip16
Package: url 2013/09/16  ver 3.4  Verb mode for urls, etc.
) (d:/texlive/2021/texmf-dist/tex/latex/graphics/graphicx.sty
Package: graphicx 2020/09/09 v1.2b Enhanced LaTeX Graphics (DPC,SPQR)
 (d:/texlive/2021/texmf-dist/tex/latex/graphics/graphics.sty
Package: graphics 2020/08/30 v1.4c Standard LaTeX Graphics (DPC,SPQR)
 (d:/texlive/2021/texmf-dist/tex/latex/graphics/trig.sty
Package: trig 2016/01/03 v1.10 sin cos tan (DPC)
) (d:/texlive/2021/texmf-dist/tex/latex/graphics-cfg/graphics.cfg
File: graphics.cfg 2016/06/04 v1.11 sample graphics configuration
)
Package graphics Info: Driver file: pdftex.def on input line 105.
 (d:/texlive/2021/texmf-dist/tex/latex/graphics-def/pdftex.def
File: pdftex.def 2020/10/05 v1.2a Graphics/color driver for pdftex
))
\Gin@req@height=\dimen139
\Gin@req@width=\dimen140
) (d:/texlive/2021/texmf-dist/tex/latex/natbib/natbib.sty
Package: natbib 2010/09/13 8.31b (PWD, AO)
\bibhang=\skip50
\bibsep=\skip51
LaTeX Info: Redefining \cite on input line 694.
\c@NAT@ctr=\count187
) (d:/texlive/2021/texmf-dist/tex/latex/caption/caption.sty
Package: caption 2020/10/26 v3.5g Customizing captions (AR)
 (d:/texlive/2021/texmf-dist/tex/latex/caption/caption3.sty
Package: caption3 2020/10/21 v2.2e caption3 kernel (AR)
\captionmargin=\dimen141
\captionmargin@=\dimen142
\captionwidth=\dimen143
\caption@tempdima=\dimen144
\caption@indent=\dimen145
\caption@parindent=\dimen146
\caption@hangindent=\dimen147
Package caption Info: Standard document class detected.
)
\c@caption@flags=\count188
\c@continuedfloat=\count189
) (d:/texlive/2021/texmf-dist/tex/latex/algorithms/algorithm.sty
Package: algorithm 2009/08/24 v0.1 Document Style `algorithm' - floating environment
 (d:/texlive/2021/texmf-dist/tex/latex/float/float.sty
Package: float 2001/11/08 v1.3d Float enhancements (AL)
\c@float@type=\count190
\float@exts=\toks16
\float@box=\box47
\@float@everytoks=\toks17
\@floatcapt=\box48
) (d:/texlive/2021/texmf-dist/tex/latex/base/ifthen.sty
Package: ifthen 2014/09/29 v1.1c Standard LaTeX ifthen package (DPC)
)
\@float@every@algorithm=\toks18
\c@algorithm=\count191
) (d:/texlive/2021/texmf-dist/tex/latex/algorithms/algorithmic.sty
Package: algorithmic 2009/08/24 v0.1 Document Style `algorithmic'
\c@ALC@unique=\count192
\c@ALC@line=\count193
\c@ALC@rem=\count194
\c@ALC@depth=\count195
\ALC@tlm=\skip52
\algorithmicindent=\skip53
) (d:/texlive/2021/texmf-dist/tex/latex/amsmath/amsmath.sty
Package: amsmath 2020/09/23 v2.17i AMS math features
\@mathmargin=\skip54

For additional information on amsmath, use the `?' option.
(d:/texlive/2021/texmf-dist/tex/latex/amsmath/amstext.sty
Package: amstext 2000/06/29 v2.01 AMS text
 (d:/texlive/2021/texmf-dist/tex/latex/amsmath/amsgen.sty
File: amsgen.sty 1999/11/30 v2.0 generic functions
\@emptytoks=\toks19
\ex@=\dimen148
)) (d:/texlive/2021/texmf-dist/tex/latex/amsmath/amsbsy.sty
Package: amsbsy 1999/11/29 v1.2d Bold Symbols
\pmbraise@=\dimen149
) (d:/texlive/2021/texmf-dist/tex/latex/amsmath/amsopn.sty
Package: amsopn 2016/03/08 v2.02 operator names
)
\inf@bad=\count196
LaTeX Info: Redefining \frac on input line 234.
\uproot@=\count197
\leftroot@=\count198
LaTeX Info: Redefining \overline on input line 399.
\classnum@=\count199
\DOTSCASE@=\count266
LaTeX Info: Redefining \ldots on input line 496.
LaTeX Info: Redefining \dots on input line 499.
LaTeX Info: Redefining \cdots on input line 620.
\Mathstrutbox@=\box49
\strutbox@=\box50
\big@size=\dimen150
LaTeX Font Info:    Redeclaring font encoding OML on input line 743.
LaTeX Font Info:    Redeclaring font encoding OMS on input line 744.
\macc@depth=\count267
\c@MaxMatrixCols=\count268
\dotsspace@=\muskip17
\c@parentequation=\count269
\dspbrk@lvl=\count270
\tag@help=\toks20
\row@=\count271
\column@=\count272
\maxfields@=\count273
\andhelp@=\toks21
\eqnshift@=\dimen151
\alignsep@=\dimen152
\tagshift@=\dimen153
\tagwidth@=\dimen154
\totwidth@=\dimen155
\lineht@=\dimen156
\@envbody=\toks22
\multlinegap=\skip55
\multlinetaggap=\skip56
\mathdisplay@stack=\toks23
LaTeX Info: Redefining \[ on input line 2923.
LaTeX Info: Redefining \] on input line 2924.
) (d:/texlive/2021/texmf-dist/tex/latex/amsfonts/amssymb.sty
Package: amssymb 2013/01/14 v3.01 AMS font symbols
 (d:/texlive/2021/texmf-dist/tex/latex/amsfonts/amsfonts.sty
Package: amsfonts 2013/01/14 v3.01 Basic AMSFonts support
\symAMSa=\mathgroup4
\symAMSb=\mathgroup5
LaTeX Font Info:    Redeclaring math symbol \hbar on input line 98.
LaTeX Font Info:    Overwriting math alphabet `\mathfrak' in version `bold'
(Font)                  U/euf/m/n --> U/euf/b/n on input line 106.
)) (d:/texlive/2021/texmf-dist/tex/latex/base/textcomp.sty
Package: textcomp 2020/02/02 v2.0n Standard LaTeX package
) (d:/texlive/2021/texmf-dist/tex/latex/xcolor/xcolor.sty
Package: xcolor 2016/05/11 v2.12 LaTeX color extensions (UK)
 (d:/texlive/2021/texmf-dist/tex/latex/graphics-cfg/color.cfg
File: color.cfg 2016/01/02 v1.6 sample color configuration
)
Package xcolor Info: Driver file: pdftex.def on input line 225.
Package xcolor Info: Model `cmy' substituted by `cmy0' on input line 1348.
Package xcolor Info: Model `hsb' substituted by `rgb' on input line 1352.
Package xcolor Info: Model `RGB' extended on input line 1364.
Package xcolor Info: Model `HTML' substituted by `rgb' on input line 1366.
Package xcolor Info: Model `Hsb' substituted by `hsb' on input line 1367.
Package xcolor Info: Model `tHsb' substituted by `hsb' on input line 1368.
Package xcolor Info: Model `HSB' substituted by `hsb' on input line 1369.
Package xcolor Info: Model `Gray' substituted by `gray' on input line 1370.
Package xcolor Info: Model `wave' substituted by `hsb' on input line 1371.
) (d:/texlive/2021/texmf-dist/tex/latex/booktabs/booktabs.sty
Package: booktabs 2020/01/12 v1.61803398 Publication quality tables
\heavyrulewidth=\dimen157
\lightrulewidth=\dimen158
\cmidrulewidth=\dimen159
\belowrulesep=\dimen160
\belowbottomsep=\dimen161
\aboverulesep=\dimen162
\abovetopsep=\dimen163
\cmidrulesep=\dimen164
\cmidrulekern=\dimen165
\defaultaddspace=\dimen166
\@cmidla=\count274
\@cmidlb=\count275
\@aboverulesep=\dimen167
\@belowrulesep=\dimen168
\@thisruleclass=\count276
\@lastruleclass=\count277
\@thisrulewidth=\dimen169
) (d:/texlive/2021/texmf-dist/tex/latex/stmaryrd/stmaryrd.sty
Package: stmaryrd 1994/03/03 St Mary's Road symbol package
\symstmry=\mathgroup6
LaTeX Font Info:    Overwriting symbol font `stmry' in version `bold'
(Font)                  U/stmry/m/n --> U/stmry/b/n on input line 89.
) (d:/texlive/2021/texmf-dist/tex/latex/framed/framed.sty
Package: framed 2011/10/22 v 0.96: framed or shaded text with page breaks
\OuterFrameSep=\skip57
\fb@frw=\dimen170
\fb@frh=\dimen171
\FrameRule=\dimen172
\FrameSep=\dimen173
) (d:/texlive/2021/texmf-dist/tex/latex/enumitem/enumitem.sty
Package: enumitem 2019/06/20 v3.9 Customized lists
\labelindent=\skip58
\enit@outerparindent=\dimen174
\enit@toks=\toks24
\enit@inbox=\box51
\enit@count@id=\count278
\enitdp@description=\count279
) (d:/texlive/2021/texmf-dist/tex/latex/multirow/multirow.sty
Package: multirow 2021/03/15 v2.8 Span multiple rows of a table
\multirow@colwidth=\skip59
\multirow@cntb=\count280
\multirow@dima=\skip60
\bigstrutjot=\dimen175
) (d:/texlive/2021/texmf-dist/tex/latex/arydshln/arydshln.sty
Package: arydshln 2019/02/21 v1.76 
\dashlinedash=\dimen176
\dashlinegap=\dimen177
\adl@box=\box52
\adl@height=\dimen178
\adl@heightsave=\dimen179
\adl@depth=\dimen180
\adl@depthsave=\dimen181
\adl@finaldepth=\dimen182
\adl@columns=\count281
\adl@ncol=\count282
\adl@currentcolumn=\count283
\adl@currentcolumnsave=\count284
\adl@totalheight=\count285
\adl@totalheightsave=\count286
\adl@dash=\count287
\adl@gap=\count288
\adl@cla=\count289
\adl@clb=\count290
\adl@everyvbox=\toks25
\adl@LTpagetotal=\dimen183
) (d:/texlive/2021/texmf-dist/tex/latex/subfigure/subfigure.sty
Package: subfigure 2002/03/15 v2.1.5 subfigure package
\subfigtopskip=\skip61
\subfigcapskip=\skip62
\subfigcaptopadj=\dimen184
\subfigbottomskip=\skip63
\subfigcapmargin=\dimen185
\subfiglabelskip=\skip64
\c@subfigure=\count291
\c@lofdepth=\count292
\c@subtable=\count293
\c@lotdepth=\count294

****************************************
* Local config file subfigure.cfg used *
****************************************
(d:/texlive/2021/texmf-dist/tex/latex/subfigure/subfigure.cfg)
\subfig@top=\skip65
\subfig@bottom=\skip66
) (d:/texlive/2021/texmf-dist/tex/latex/newfloat/newfloat.sty
Package: newfloat 2019/09/02 v1.1l Defining new floating environments (AR)
) (d:/texlive/2021/texmf-dist/tex/latex/listings/listings.sty
\lst@mode=\count295
\lst@gtempboxa=\box53
\lst@token=\toks26
\lst@length=\count296
\lst@currlwidth=\dimen186
\lst@column=\count297
\lst@pos=\count298
\lst@lostspace=\dimen187
\lst@width=\dimen188
\lst@newlines=\count299
\lst@lineno=\count300
\lst@maxwidth=\dimen189
 (d:/texlive/2021/texmf-dist/tex/latex/listings/lstmisc.sty
File: lstmisc.sty 2020/03/24 1.8d (Carsten Heinz)
\c@lstnumber=\count301
\lst@skipnumbers=\count302
\lst@framebox=\box54
) (d:/texlive/2021/texmf-dist/tex/latex/listings/listings.cfg
File: listings.cfg 2020/03/24 1.8d listings configuration
))
Package: listings 2020/03/24 1.8d (Carsten Heinz)
\@float@every@listing=\toks27
\c@listing=\count303
 (d:/texlive/2021/texmf-dist/tex/latex/natbib/bibentry.sty
Package: bibentry 2007/10/30 1.5 (PWD)
)
LaTeX Font Info:    Trying to load font information for OT1+ptm on input line 187.
 (d:/texlive/2021/texmf-dist/tex/latex/psnfss/ot1ptm.fd
File: ot1ptm.fd 2001/06/04 font definitions for OT1/ptm.
) (d:/texlive/2021/texmf-dist/tex/latex/l3backend/l3backend-pdftex.def
File: l3backend-pdftex.def 2021-03-18 L3 backend support: PDF output (pdfTeX)
\l__color_backend_stack_int=\count304
\l__pdf_internal_box=\box55
) (./2PC-NNP.aux)
\openout1 = `2PC-NNP.aux'.

LaTeX Font Info:    Checking defaults for OML/cmm/m/it on input line 187.
LaTeX Font Info:    ... okay on input line 187.
LaTeX Font Info:    Checking defaults for OMS/cmsy/m/n on input line 187.
LaTeX Font Info:    ... okay on input line 187.
LaTeX Font Info:    Checking defaults for OT1/cmr/m/n on input line 187.
LaTeX Font Info:    ... okay on input line 187.
LaTeX Font Info:    Checking defaults for T1/cmr/m/n on input line 187.
LaTeX Font Info:    ... okay on input line 187.
LaTeX Font Info:    Checking defaults for TS1/cmr/m/n on input line 187.
LaTeX Font Info:    ... okay on input line 187.
LaTeX Font Info:    Checking defaults for OMX/cmex/m/n on input line 187.
LaTeX Font Info:    ... okay on input line 187.
LaTeX Font Info:    Checking defaults for U/cmr/m/n on input line 187.
LaTeX Font Info:    ... okay on input line 187.
 (d:/texlive/2021/texmf-dist/tex/context/base/mkii/supp-pdf.mkii
[Loading MPS to PDF converter (version 2006.09.02).]
\scratchcounter=\count305
\scratchdimen=\dimen190
\scratchbox=\box56
\nofMPsegments=\count306
\nofMParguments=\count307
\everyMPshowfont=\toks28
\MPscratchCnt=\count308
\MPscratchDim=\dimen191
\MPnumerator=\count309
\makeMPintoPDFobject=\count310
\everyMPtoPDFconversion=\toks29
) (d:/texlive/2021/texmf-dist/tex/latex/epstopdf-pkg/epstopdf-base.sty
Package: epstopdf-base 2020-01-24 v2.11 Base part for package epstopdf
Package epstopdf-base Info: Redefining graphics rule for `.eps' on input line 485.
 (d:/texlive/2021/texmf-dist/tex/latex/latexconfig/epstopdf-sys.cfg
File: epstopdf-sys.cfg 2010/07/13 v1.3 Configuration of (r)epstopdf for TeX Live
))
Package caption Info: Begin \AtBeginDocument code.
Package caption Info: float package is loaded.
Package caption Info: listings package is loaded.
Package caption Info: subfigure package is loaded.
Package caption Info: End \AtBeginDocument code.
Package newfloat Info: `float' package detected.
\c@lstlisting=\count311
\c@eqfn=\count312
\titlearea=\box57
LaTeX Font Info:    Trying to load font information for U+msa on input line 189.
 (d:/texlive/2021/texmf-dist/tex/latex/amsfonts/umsa.fd
File: umsa.fd 2013/01/14 v3.01 AMS symbols A
)
LaTeX Font Info:    Trying to load font information for U+msb on input line 189.
 (d:/texlive/2021/texmf-dist/tex/latex/amsfonts/umsb.fd
File: umsb.fd 2013/01/14 v3.01 AMS symbols B
)
LaTeX Font Info:    Trying to load font information for U+stmry on input line 189.
 (d:/texlive/2021/texmf-dist/tex/latex/stmaryrd/Ustmry.fd)
\actualheight=\skip67
LaTeX Font Info:    Trying to load font information for TS1+ptm on input line 189.
 (d:/texlive/2021/texmf-dist/tex/latex/psnfss/ts1ptm.fd
File: ts1ptm.fd 2001/06/04 font definitions for TS1/ptm.
) [1{d:/texlive/2021/texmf-var/fonts/map/pdftex/updmap/pdftex.map}



] [2]
Underfull \hbox (badness 1087) in paragraph at lines 555--558
[]$ \OT1/ptm/m/n/10 pro-to-col with spe-cial in-put of $\OMS/cmsy/m/n/10 P[] \OT1/cmr/m/n/10 :
 []

[3]
Underfull \hbox (badness 1881) in paragraph at lines 631--633
[]\OT1/ptm/b/n/10 2. Blind-ing\OT1/ptm/m/n/10 : $\OMS/cmsy/m/n/10 P[]$ \OT1/ptm/m/n/10 com-putes $\OMS/cmsy/m/n/10 h\OML/cmm/m/it/10 z\OMS/cmsy/m/n/10 i \OT1/cmr/m/n/10 = \OMS/cmsy/m/n/10 h\OML/cmm/m/it/10 u\OMS/cmsy/m/n/10 i 
 h\OML/cmm/m/it/10 x\OMS/cmsy/m/n/10 i$ \OT1/ptm/m/n/10 via
 []


Underfull \hbox (badness 10000) in paragraph at lines 696--697
[]\OT1/ptm/b/n/10 3. \OT1/ptm/m/n/10 Two par-ties cal-cu-late this ex-pres-sion via
 []


Overfull \hbox (7.58156pt too wide) detected at line 706
[]
 []


Underfull \hbox (badness 2922) in paragraph at lines 763--765
[]\OT1/ptm/b/n/10 3. \OT1/ptm/m/n/10 two par-ties com-putes $\OMS/cmsy/m/n/10 h\OML/cmm/m/it/10 value\OMS/cmsy/m/n/10 i \OT1/cmr/m/n/10 = \OMS/cmsy/m/n/10 h\OML/cmm/m/it/10 F\OT1/cmr/m/n/10 (\OML/cmm/m/it/10 x\OT1/cmr/m/n/10 )\OMS/cmsy/m/n/10 i \OT1/cmr/m/n/10 =
 []

[4]
<new_unrolling.png, id=32, 1962.33125pt x 808.01875pt>
File: new_unrolling.png Graphic file (type png)
<use new_unrolling.png>
Package pdftex.def Info: new_unrolling.png  used on input line 813.
(pdftex.def)             Requested size: 113.81102pt x 46.85155pt.
<new_unrolling2.png, id=34, 1811.76875pt x 1811.76875pt>
File: new_unrolling2.png Graphic file (type png)
<use new_unrolling2.png>
Package pdftex.def Info: new_unrolling2.png  used on input line 824.
(pdftex.def)             Requested size: 113.81102pt x 113.78818pt.

Underfull \hbox (badness 10000) in paragraph at lines 889--893
[]\OT1/ptm/m/n/10 2PC-maximum pool-ing layer can be com-
 []


Underfull \hbox (badness 10000) in paragraph at lines 889--893
\OT1/ptm/m/n/10 puted via $[]$ pro-to-col for $\OML/cmm/m/it/10 y[] \OT1/cmr/m/n/10 =
 []


Underfull \hbox (badness 6842) in paragraph at lines 889--893
\OML/cmm/m/it/10 max\OT1/cmr/m/n/10 (\OML/cmm/m/it/10 X[]; X[]; X[]; X[]\OT1/cmr/m/n/10 )$\OT1/ptm/m/n/10 . The ap-proach to com-pute
 []


Underfull \hbox (badness 5607) in paragraph at lines 909--914
$\OML/cmm/m/it/10 ReLU$ \OT1/ptm/m/n/10 func-tion has three di-vid-ing points: $\OML/cmm/m/it/10 dp[] \OT1/cmr/m/n/10 =
 []

[5 <./new_unrolling.png> <./new_unrolling2.png>]
Underfull \hbox (badness 4181) in paragraph at lines 923--925
[]\OT1/ptm/m/n/10 Servers can fol-low $[]$ pro-to-col and
 []

<operation_mul.pdf, id=40, 289.08pt x 215.65369pt>
File: operation_mul.pdf Graphic file (type pdf)
<use operation_mul.pdf>
Package pdftex.def Info: operation_mul.pdf  used on input line 977.
(pdftex.def)             Requested size: 113.81102pt x 84.90091pt.

Overfull \hbox (6.08429pt too wide) in paragraph at lines 977--977
 [][] 
 []

<operation_matrix_mul.pdf, id=41, 289.08pt x 216.81pt>
File: operation_matrix_mul.pdf Graphic file (type pdf)
<use operation_matrix_mul.pdf>
Package pdftex.def Info: operation_matrix_mul.pdf  used on input line 986.
(pdftex.def)             Requested size: 113.81102pt x 85.35614pt.

Overfull \hbox (6.08429pt too wide) in paragraph at lines 986--986
 [][] 
 []

<operation_compare.pdf, id=42, 289.08pt x 216.81pt>
File: operation_compare.pdf Graphic file (type pdf)
<use operation_compare.pdf>
Package pdftex.def Info: operation_compare.pdf  used on input line 995.
(pdftex.def)             Requested size: 142.26378pt x 106.69766pt.
[6 <./operation_mul.pdf> <./operation_matrix_mul.pdf> <./operation_compare.pdf>]
Overfull \hbox (13.55219pt too wide) in paragraph at lines 1148--1196
[][] 
 []


Overfull \hbox (13.55276pt too wide) in paragraph at lines 1201--1258
 [][] 
 []


Overfull \hbox (13.55695pt too wide) in paragraph at lines 1262--1304
 [][] 
 []


Overfull \hbox (13.55705pt too wide) in paragraph at lines 1308--1354
 [][] 
 []

(./2PC-NNP.bbl [7]) [8

] (./2PC-NNP.aux) ) 
Here is how much of TeX's memory you used:
 7615 strings out of 478994
 110990 string characters out of 5862207
 455333 words of memory out of 5000000
 24961 multiletter control sequences out of 15000+600000
 433167 words of font info for 98 fonts, out of 8000000 for 9000
 1141 hyphenation exceptions out of 8191
 68i,24n,74p,374b,329s stack positions out of 5000i,500n,10000p,200000b,80000s
{d:/texlive/2021/texmf-dist/fonts/enc/dvips/base/8r.enc}<d:/texlive/2021/texmf-dist/fonts/type1/public/amsfonts/cm/cmex10.pfb><d:/texlive/2021/texmf-dist/fonts/type1/public/amsfonts/cm/cmmi10.pfb><d:/texlive/2021/texmf-dist/fonts/type1/public/amsfonts/cm/cmmi5.pfb><d:/texlive/2021/texmf-dist/fonts/type1/public/amsfonts/cm/cmmi7.pfb><d:/texlive/2021/texmf-dist/fonts/type1/public/amsfonts/cm/cmr10.pfb><d:/texlive/2021/texmf-dist/fonts/type1/public/amsfonts/cm/cmr5.pfb><d:/texlive/2021/texmf-dist/fonts/type1/public/amsfonts/cm/cmr7.pfb><d:/texlive/2021/texmf-dist/fonts/type1/public/amsfonts/cm/cmsy10.pfb><d:/texlive/2021/texmf-dist/fonts/type1/public/amsfonts/cm/cmsy5.pfb><d:/texlive/2021/texmf-dist/fonts/type1/public/amsfonts/cm/cmsy7.pfb><d:/texlive/2021/texmf-dist/fonts/type1/public/amsfonts/cm/cmtt10.pfb><d:/texlive/2021/texmf-dist/fonts/type1/public/amsfonts/symbols/msam10.pfb><d:/texlive/2021/texmf-dist/fonts/type1/public/stmaryrd/stmary10.pfb><d:/texlive/2021/texmf-dist/fonts/type1/public/stmaryrd/stmary7.pfb><d:/texlive/2021/texmf-dist/fonts/type1/urw/times/utmb8a.pfb><d:/texlive/2021/texmf-dist/fonts/type1/urw/times/utmr8a.pfb><d:/texlive/2021/texmf-dist/fonts/type1/urw/times/utmri8a.pfb>
Output written on 2PC-NNP.pdf (8 pages, 497174 bytes).
PDF statistics:
 226 PDF objects out of 1000 (max. 8388607)
 88 compressed objects within 1 object stream
 0 named destinations out of 1000 (max. 500000)
 26 words of extra memory for PDF output out of 10000 (max. 10000000)

